  extract_exampleDlg.cpp
d:\program files\opencv\opencv\build\include\opencv2\core\mat.hpp(1964): warning C4819: The file contains a character that cannot be represented in the current code page (932). Save the file in Unicode format to prevent data loss
d:\program files\opencv\opencv\build\include\opencv2\core\persistence.hpp : warning C4819: The file contains a character that cannot be represented in the current code page (932). Save the file in Unicode format to prevent data loss
d:\program files\opencv\opencv\build\include\opencv2\core\utility.hpp : warning C4819: The file contains a character that cannot be represented in the current code page (932). Save the file in Unicode format to prevent data loss
d:\program files\opencv\opencv\build\include\opencv2\core\utility.hpp : warning C4819: The file contains a character that cannot be represented in the current code page (932). Save the file in Unicode format to prevent data loss
d:\github\extract\extract_example\extract_example\image_process_dll.h : warning C4819: The file contains a character that cannot be represented in the current code page (932). Save the file in Unicode format to prevent data loss
d:\github\extract\extract_example\extract_example\machine_vision.h : warning C4819: The file contains a character that cannot be represented in the current code page (932). Save the file in Unicode format to prevent data loss
d:\github\extract\extract_example\extract_example\extract_exampledlg.h(101): warning C4091: 'typedef ': ignored on left of 'CextractexampleDlg::feature_exc' when no variable is declared
d:\github\extract\extract_example\extract_example\extract_exampledlg.cpp(215): warning C4267: '=': conversion from 'size_t' to 'int', possible loss of data
d:\github\extract\extract_example\extract_example\extract_exampledlg.cpp(276): warning C4101: 'maxVal': unreferenced local variable
d:\github\extract\extract_example\extract_example\extract_exampledlg.cpp(275): warning C4101: 'minVal': unreferenced local variable
d:\github\extract\extract_example\extract_example\extract_exampledlg.cpp(430): warning C4090: '=': different '__unaligned' qualifiers
d:\github\extract\extract_example\extract_example\extract_exampledlg.cpp(900): warning C4244: '=': conversion from 'float' to 'int', possible loss of data
d:\github\extract\extract_example\extract_example\extract_exampledlg.cpp(901): warning C4244: '=': conversion from 'float' to 'int', possible loss of data
d:\github\extract\extract_example\extract_example\extract_exampledlg.cpp(1049): warning C4244: '=': conversion from 'int' to 'float', possible loss of data
d:\github\extract\extract_example\extract_example\extract_exampledlg.cpp(1050): warning C4244: '=': conversion from 'int' to 'float', possible loss of data
d:\github\extract\extract_example\extract_example\extract_exampledlg.cpp(1187): warning C4244: 'argument': conversion from 'double' to 'int', possible loss of data
d:\github\extract\extract_example\extract_example\extract_exampledlg.cpp(1283): warning C4244: '-=': conversion from 'double' to 'int', possible loss of data
d:\github\extract\extract_example\extract_example\extract_exampledlg.cpp(1331): warning C4244: '=': conversion from 'double' to 'float', possible loss of data
  extract_example.vcxproj -> D:\github\extract\extract_example\x64\Debug\extract_example.exe
