d:\github\extract\extract_example\extract_example\x64\debug\extract_example.pch
d:\github\extract\extract_example\extract_example\x64\debug\vc141.pdb
d:\github\extract\extract_example\extract_example\x64\debug\vc141.idb
d:\github\extract\extract_example\extract_example\x64\debug\stdafx.obj
d:\github\extract\extract_example\extract_example\x64\debug\extract_exampledlg.obj
d:\github\extract\extract_example\extract_example\x64\debug\extract_example.obj
d:\github\extract\extract_example\extract_example\x64\debug\cvvimage.obj
d:\github\extract\extract_example\x64\debug\extract_example.exe
d:\github\extract\extract_example\x64\debug\extract_example.ilk
d:\github\extract\extract_example\x64\debug\extract_example.pdb
d:\github\extract\extract_example\extract_example\x64\debug\extractexample.res
d:\github\extract\extract_example\extract_example\x64\debug\extract_example.tlog\cl.command.1.tlog
d:\github\extract\extract_example\extract_example\x64\debug\extract_example.tlog\cl.read.1.tlog
d:\github\extract\extract_example\extract_example\x64\debug\extract_example.tlog\cl.write.1.tlog
d:\github\extract\extract_example\extract_example\x64\debug\extract_example.tlog\link.command.1.tlog
d:\github\extract\extract_example\extract_example\x64\debug\extract_example.tlog\link.read.1.tlog
d:\github\extract\extract_example\extract_example\x64\debug\extract_example.tlog\link.write.1.tlog
d:\github\extract\extract_example\extract_example\x64\debug\extract_example.tlog\rc.command.1.tlog
d:\github\extract\extract_example\extract_example\x64\debug\extract_example.tlog\rc.read.1.tlog
d:\github\extract\extract_example\extract_example\x64\debug\extract_example.tlog\rc.write.1.tlog
